#
# There is insufficient memory for the Java Runtime Environment to continue.
# Native memory allocation (malloc) failed to allocate 1048576 bytes for AllocateHeap
# Possible reasons:
#   The system is out of physical RAM or swap space
#   In 32 bit mode, the process size limit was hit
# Possible solutions:
#   Reduce memory load on the system
#   Increase physical memory or swap space
#   Check if swap backing store is full
#   Use 64 bit Java on a 64 bit OS
#   Decrease Java heap size (-Xmx/-Xms)
#   Decrease number of Java threads
#   Decrease Java thread stack sizes (-Xss)
#   Set larger code cache with -XX:ReservedCodeCacheSize=
# This output file may be truncated or incomplete.
#
#  Out of Memory Error (memory/allocation.inline.hpp:61), pid=6900, tid=0x00000000000017cc
#
# JRE version:  (8.0_152-b11) (build )
# Java VM: OpenJDK 64-Bit Server VM (25.152-b11 mixed mode windows-amd64 compressed oops)
# Failed to write core dump. Minidumps are not enabled by default on client versions of Windows
#

---------------  T H R E A D  ---------------

Current thread (0x00000000021df000):  JavaThread "Unknown thread" [_thread_in_vm, id=6092, stack(0x0000000002260000,0x0000000002360000)]

Stack: [0x0000000002260000,0x0000000002360000]
[error occurred during error reporting (printing stack bounds), id 0xc0000005]

Native frames: (J=compiled Java code, j=interpreted, Vv=VM code, C=native code)


---------------  P R O C E S S  ---------------

Java Threads: ( => current thread )

Other Threads:

=>0x00000000021df000 (exited) JavaThread "Unknown thread" [_thread_in_vm, id=6092, stack(0x0000000002260000,0x0000000002360000)]

VM state:not at safepoint (normal execution)

VM Mutex/Monitor currently owned by a thread: None

Heap:
 PSYoungGen      total 38400K, used 665K [0x00000000d5d80000, 0x00000000d8800000, 0x0000000100000000)
  eden space 33280K, 2% used [0x00000000d5d80000,0x00000000d5e26670,0x00000000d7e00000)
  from space 5120K, 0% used [0x00000000d8300000,0x00000000d8300000,0x00000000d8800000)
  to   space 5120K, 0% used [0x00000000d7e00000,0x00000000d7e00000,0x00000000d8300000)
 ParOldGen       total 87552K, used 0K [0x0000000081800000, 0x0000000086d80000, 0x00000000d5d80000)
  object space 87552K, 0% used [0x0000000081800000,0x0000000081800000,0x0000000086d80000)
 Metaspace       used 772K, capacity 4480K, committed 4480K, reserved 1056768K
  class space    used 73K, capacity 384K, committed 384K, reserved 1048576K

Card table byte_map: [0x0000000011720000,0x0000000011b20000] byte_map_base: 0x0000000011314000

Marking Bits: (ParMarkBitMap*) 0x000000006abe5970
 Begin Bits: [0x00000000123b0000, 0x0000000014350000)
 End Bits:   [0x0000000014350000, 0x00000000162f0000)

Polling page: 0x0000000000120000

CodeCache: size=245760Kb used=328Kb max_used=328Kb free=245431Kb
 bounds [0x0000000002360000, 0x00000000025d0000, 0x0000000011360000]
 total_blobs=57 nmethods=0 adapters=38
 compilation: enabled

Compilation events (0 events):
No events

GC Heap History (0 events):
No events

Deoptimization events (0 events):
No events

Classes redefined (0 events):
No events

Internal exceptions (0 events):
No events

Events (10 events):
Event: 0.017 loading class java/lang/Short
Event: 0.017 loading class java/lang/Short done
Event: 0.017 loading class java/lang/Integer
Event: 0.017 loading class java/lang/Integer done
Event: 0.017 loading class java/lang/Long
Event: 0.017 loading class java/lang/Long done
Event: 0.018 loading class java/lang/NullPointerException
Event: 0.018 loading class java/lang/NullPointerException done
Event: 0.018 loading class java/lang/ArithmeticException
Event: 0.018 loading class java/lang/ArithmeticException done


Dynamic libraries:
0x000000013fbb0000 - 0x000000013fbe1000 	D:\WebStorm 2017.3.3\jre64\bin\java.exe
0x00000000774d0000 - 0x000000007766f000 	C:\windows\SYSTEM32\ntdll.dll
0x00000000772b0000 - 0x00000000773cf000 	C:\windows\system32\kernel32.dll
0x000007fefd360000 - 0x000007fefd3ca000 	C:\windows\system32\KERNELBASE.dll
0x000007feff420000 - 0x000007feff4fb000 	C:\windows\system32\ADVAPI32.dll
0x000007fefd6c0000 - 0x000007fefd75f000 	C:\windows\system32\msvcrt.dll
0x000007feff7a0000 - 0x000007feff7bf000 	C:\windows\SYSTEM32\sechost.dll
0x000007fefedb0000 - 0x000007fefeedd000 	C:\windows\system32\RPCRT4.dll
0x00000000773d0000 - 0x00000000774ca000 	C:\windows\system32\USER32.dll
0x000007fefed40000 - 0x000007fefeda7000 	C:\windows\system32\GDI32.dll
0x000007fefeee0000 - 0x000007fefeeee000 	C:\windows\system32\LPK.dll
0x000007fefd760000 - 0x000007fefd82b000 	C:\windows\system32\USP10.dll
0x000007fefbba0000 - 0x000007fefbd94000 	C:\windows\WinSxS\amd64_microsoft.windows.common-controls_6595b64144ccf1df_6.0.7601.18837_none_fa3b1e3d17594757\COMCTL32.dll
0x000007fefd560000 - 0x000007fefd5d1000 	C:\windows\system32\SHLWAPI.dll
0x000007fefeb30000 - 0x000007fefeb5e000 	C:\windows\system32\IMM32.DLL
0x000007feff310000 - 0x000007feff419000 	C:\windows\system32\MSCTF.dll
0x000000005a3d0000 - 0x000000005a4a2000 	D:\WebStorm 2017.3.3\jre64\bin\msvcr100.dll
0x000000006a420000 - 0x000000006ac60000 	D:\WebStorm 2017.3.3\jre64\bin\server\jvm.dll
0x000007fef8d60000 - 0x000007fef8d69000 	C:\windows\system32\WSOCK32.dll
0x000007fefecf0000 - 0x000007fefed3d000 	C:\windows\system32\WS2_32.dll
0x000007fefeef0000 - 0x000007fefeef8000 	C:\windows\system32\NSI.dll
0x000007fefae80000 - 0x000007fefaebb000 	C:\windows\system32\WINMM.dll
0x000007fefc230000 - 0x000007fefc23c000 	C:\windows\system32\VERSION.dll
0x0000000077670000 - 0x0000000077677000 	C:\windows\system32\PSAPI.DLL
0x000007fef8d70000 - 0x000007fef8d7f000 	D:\WebStorm 2017.3.3\jre64\bin\verify.dll
0x000007fef0440000 - 0x000007fef0469000 	D:\WebStorm 2017.3.3\jre64\bin\java.dll
0x000007fef0480000 - 0x000007fef0496000 	D:\WebStorm 2017.3.3\jre64\bin\zip.dll

VM Arguments:
java_command: org.jetbrains.git4idea.ssh.SSHMain git@192.168.10.201 git-receive-pack 'qufen.io/Html.git'
java_class_path (initial): D:/WebStorm 2017.3.3/plugins/git4idea/lib/git4idea-rt.jar;D:/WebStorm 2017.3.3/lib/xmlrpc-2.0.jar;D:/WebStorm 2017.3.3/lib/commons-codec-1.9.jar;D:/WebStorm 2017.3.3/lib/util.jar;D:/WebStorm 2017.3.3/lib/trilead-ssh2.jar
Launcher Type: SUN_STANDARD

Environment Variables:
PATH=C:\Program Files\Git\mingw64/libexec/git-core;C:\Program Files\Git\mingw64\bin;C:\Program Files\Git\usr\bin;C:\Users\Administrator\bin;C:\Program Files (x86)\Intel\iCLS Client\;C:\Program Files\Intel\iCLS Client\;C:\windows\system32;C:\windows;C:\windows\System32\Wbem;C:\windows\System32\WindowsPowerShell\v1.0\;C:\Program Files (x86)\Intel\Intel(R) Management Engine Components\DAL;C:\Program Files\Intel\Intel(R) Management Engine Components\DAL;C:\Program Files (x86)\Intel\Intel(R) Management Engine Components\IPT;C:\Program Files\Intel\Intel(R) Management Engine Components\IPT;C:\Program Files (x86)\Common Files\Acronis\VirtualFile\;C:\Program Files (x86)\Common Files\Acronis\VirtualFile64\;C:\Program Files (x86)\Common Files\Acronis\SnapAPI\;C:\Program Files\;C:\Program Files\TortoiseGit\bin;C:\Program Files\Git\cmd;C:\Users\Administrator\AppData\Roaming\npm;D:\Fiddler
USERNAME=Administrator
OS=Windows_NT
PROCESSOR_IDENTIFIER=Intel64 Family 6 Model 158 Stepping 9, GenuineIntel



---------------  S Y S T E M  ---------------

OS: Windows 7 , 64 bit Build 7601 (6.1.7601.24117)

CPU:total 4 (initial active 4) (4 cores per cpu, 1 threads per core) family 6 model 158 stepping 9, cmov, cx8, fxsr, mmx, sse, sse2, sse3, ssse3, sse4.1, sse4.2, popcnt, avx, avx2, aes, clmul, erms, rtm, 3dnowpref, lzcnt, tsc, tscinvbit, bmi1, bmi2, adx

Memory: 4k page, physical 8288600k(1020604k free), swap 8286724k(8120k free)

vm_info: OpenJDK 64-Bit Server VM (25.152-b11) for windows-amd64 JRE (1.8.0_152-release-1024-b11), built on Dec 19 2017 11:09:37 by "builduser" with MS VC++ 10.0 (VS2010)

time: Mon Jun 25 19:48:45 2018
elapsed time: 0 seconds (0d 0h 0m 0s)

