#
# There is insufficient memory for the Java Runtime Environment to continue.
# Native memory allocation (malloc) failed to allocate 35056 bytes for Chunk::new
# Possible reasons:
#   The system is out of physical RAM or swap space
#   In 32 bit mode, the process size limit was hit
# Possible solutions:
#   Reduce memory load on the system
#   Increase physical memory or swap space
#   Check if swap backing store is full
#   Use 64 bit Java on a 64 bit OS
#   Decrease Java heap size (-Xmx/-Xms)
#   Decrease number of Java threads
#   Decrease Java thread stack sizes (-Xss)
#   Set larger code cache with -XX:ReservedCodeCacheSize=
# This output file may be truncated or incomplete.
#
#  Out of Memory Error (allocation.cpp:390), pid=5788, tid=0x00000000000020a0
#
# JRE version: OpenJDK Runtime Environment (8.0_152-b11) (build 1.8.0_152-release-1024-b11)
# Java VM: OpenJDK 64-Bit Server VM (25.152-b11 mixed mode windows-amd64 compressed oops)
# Failed to write core dump. Minidumps are not enabled by default on client versions of Windows
#

---------------  T H R E A D  ---------------

Current thread (0x00000000185b6800):  JavaThread "C2 CompilerThread1" daemon [_thread_in_native, id=8352, stack(0x0000000018f10000,0x0000000019010000)]

Stack: [0x0000000018f10000,0x0000000019010000]
[error occurred during error reporting (printing stack bounds), id 0xc0000005]

Native frames: (J=compiled Java code, j=interpreted, Vv=VM code, C=native code)


Current CompileTask:
C2:    697  411       4       jdk.internal.org.objectweb.asm.ByteVector::putUTF8 (142 bytes)


---------------  P R O C E S S  ---------------

Java Threads: ( => current thread )
  0x00000000187de800 JavaThread "Thread-0" daemon [_thread_in_native, id=6676, stack(0x0000000019760000,0x0000000019860000)]
  0x000000001863c800 JavaThread "Service Thread" daemon [_thread_blocked, id=1812, stack(0x00000000192a0000,0x00000000193a0000)]
  0x00000000185b8000 JavaThread "C1 CompilerThread2" daemon [_thread_blocked, id=8184, stack(0x0000000019110000,0x0000000019210000)]
=>0x00000000185b6800 JavaThread "C2 CompilerThread1" daemon [_thread_in_native, id=8352, stack(0x0000000018f10000,0x0000000019010000)]
  0x00000000173ad800 JavaThread "C2 CompilerThread0" daemon [_thread_in_native, id=10028, stack(0x0000000018b20000,0x0000000018c20000)]
  0x0000000018599000 JavaThread "Attach Listener" daemon [_thread_blocked, id=7012, stack(0x0000000018cf0000,0x0000000018df0000)]
  0x0000000018598800 JavaThread "Signal Dispatcher" daemon [_thread_blocked, id=7480, stack(0x0000000018a20000,0x0000000018b20000)]
  0x0000000017388000 JavaThread "Finalizer" daemon [_thread_blocked, id=7604, stack(0x0000000018490000,0x0000000018590000)]
  0x0000000017341000 JavaThread "Reference Handler" daemon [_thread_blocked, id=9920, stack(0x00000000181a0000,0x00000000182a0000)]
  0x00000000021df000 JavaThread "main" [_thread_in_Java, id=8224, stack(0x0000000002240000,0x0000000002340000)]

Other Threads:
  0x0000000017339800 VMThread [stack: 0x00000000182d0000,0x00000000183d0000] [id=10016]
  0x000000001860c000 WatcherThread [stack: 0x0000000018e00000,0x0000000018f00000] [id=6588]

VM state:not at safepoint (normal execution)

VM Mutex/Monitor currently owned by a thread: None

Heap:
 PSYoungGen      total 38400K, used 13491K [0x00000000d5d80000, 0x00000000d8800000, 0x0000000100000000)
  eden space 33280K, 40% used [0x00000000d5d80000,0x00000000d6aacd50,0x00000000d7e00000)
  from space 5120K, 0% used [0x00000000d8300000,0x00000000d8300000,0x00000000d8800000)
  to   space 5120K, 0% used [0x00000000d7e00000,0x00000000d7e00000,0x00000000d8300000)
 ParOldGen       total 87552K, used 0K [0x0000000081800000, 0x0000000086d80000, 0x00000000d5d80000)
  object space 87552K, 0% used [0x0000000081800000,0x0000000081800000,0x0000000086d80000)
 Metaspace       used 6414K, capacity 6603K, committed 6656K, reserved 1060864K
  class space    used 683K, capacity 752K, committed 768K, reserved 1048576K

Card table byte_map: [0x00000000117c0000,0x0000000011bc0000] byte_map_base: 0x00000000113b4000

Marking Bits: (ParMarkBitMap*) 0x0000000065545970
 Begin Bits: [0x0000000012670000, 0x0000000014610000)
 End Bits:   [0x0000000014610000, 0x00000000165b0000)

Polling page: 0x0000000000110000

CodeCache: size=245760Kb used=1967Kb max_used=1967Kb free=243792Kb
 bounds [0x0000000002400000, 0x0000000002670000, 0x0000000011400000]
 total_blobs=748 nmethods=427 adapters=235
 compilation: enabled

Compilation events (10 events):
Event: 0.690 Thread 0x00000000185b8000 nmethod 393 0x00000000025d4190 code [0x00000000025d4480, 0x00000000025d5b68]
Event: 0.690 Thread 0x00000000185b8000  396       3       jdk.internal.org.objectweb.asm.Frame::execute (2252 bytes)
Event: 0.691 Thread 0x00000000173ad800  406       4       java.lang.String::replace (127 bytes)
Event: 0.693 Thread 0x00000000185b6800  411       4       jdk.internal.org.objectweb.asm.ByteVector::putUTF8 (142 bytes)
Event: 0.695 Thread 0x00000000185b8000 nmethod 396 0x00000000025da690 code [0x00000000025db420, 0x00000000025e0ab8]
Event: 0.695 Thread 0x00000000185b8000  399       3       java.lang.invoke.LambdaForm::argument (27 bytes)
Event: 0.696 Thread 0x00000000185b8000 nmethod 399 0x00000000025e3e90 code [0x00000000025e4020, 0x00000000025e4388]
Event: 0.696 Thread 0x00000000185b8000  402       3       java.util.Collections$UnmodifiableCollection$1::hasNext (10 bytes)
Event: 0.696 Thread 0x00000000185b8000 nmethod 402 0x00000000025e4590 code [0x00000000025e4700, 0x00000000025e4928]
Event: 0.696 Thread 0x00000000185b8000  397       3       jdk.internal.org.objectweb.asm.Item::isEqualTo (354 bytes)

GC Heap History (0 events):
No events

Deoptimization events (0 events):
No events

Classes redefined (0 events):
No events

Internal exceptions (9 events):
Event: 0.021 Thread 0x00000000021df000 Exception <a 'java/lang/NoSuchMethodError': Method sun.misc.Unsafe.defineClass(Ljava/lang/String;[BII)Ljava/lang/Class; name or signature does not match> (0x00000000d5d87ca8) thrown at [C:\BuildAgent\work\d332137835c821ac\hotspot\src\share\vm\prims\jni.cp
Event: 0.021 Thread 0x00000000021df000 Exception <a 'java/lang/NoSuchMethodError': Method sun.misc.Unsafe.prefetchRead(Ljava/lang/Object;J)V name or signature does not match> (0x00000000d5d87f90) thrown at [C:\BuildAgent\work\d332137835c821ac\hotspot\src\share\vm\prims\jni.cpp, line 4011]
Event: 0.226 Thread 0x00000000021df000 Exception <a 'java/security/PrivilegedActionException'> (0x00000000d64347c8) thrown at [C:\BuildAgent\work\d332137835c821ac\hotspot\src\share\vm\prims\jvm.cpp, line 1390]
Event: 0.226 Thread 0x00000000021df000 Exception <a 'java/security/PrivilegedActionException'> (0x00000000d6434bc0) thrown at [C:\BuildAgent\work\d332137835c821ac\hotspot\src\share\vm\prims\jvm.cpp, line 1390]
Event: 0.227 Thread 0x00000000021df000 Exception <a 'java/security/PrivilegedActionException'> (0x00000000d6437e08) thrown at [C:\BuildAgent\work\d332137835c821ac\hotspot\src\share\vm\prims\jvm.cpp, line 1390]
Event: 0.227 Thread 0x00000000021df000 Exception <a 'java/security/PrivilegedActionException'> (0x00000000d6438200) thrown at [C:\BuildAgent\work\d332137835c821ac\hotspot\src\share\vm\prims\jvm.cpp, line 1390]
Event: 0.227 Thread 0x00000000021df000 Exception <a 'java/security/PrivilegedActionException'> (0x00000000d6439698) thrown at [C:\BuildAgent\work\d332137835c821ac\hotspot\src\share\vm\prims\jvm.cpp, line 1390]
Event: 0.227 Thread 0x00000000021df000 Exception <a 'java/security/PrivilegedActionException'> (0x00000000d6439a90) thrown at [C:\BuildAgent\work\d332137835c821ac\hotspot\src\share\vm\prims\jvm.cpp, line 1390]
Event: 0.691 Thread 0x00000000021df000 Exception <a 'java/lang/NoSuchFieldError': method resolution failed> (0x00000000d6a399b8) thrown at [C:\BuildAgent\work\d332137835c821ac\hotspot\src\share\vm\prims\methodHandles.cpp, line 1167]

Events (10 events):
Event: 0.675 loading class java/lang/invoke/WrongMethodTypeException
Event: 0.675 loading class java/lang/invoke/WrongMethodTypeException done
Event: 0.677 loading class java/lang/invoke/MethodHandleImpl$Lazy
Event: 0.678 loading class java/lang/invoke/MethodHandleImpl$Lazy done
Event: 0.678 loading class java/lang/invoke/MethodHandleImpl$IntrinsicMethodHandle
Event: 0.678 loading class java/lang/invoke/MethodHandleImpl$IntrinsicMethodHandle done
Event: 0.691 loading class java/lang/NoSuchFieldError
Event: 0.691 loading class java/lang/NoSuchFieldError done
Event: 0.692 loading class java/lang/IllegalAccessException
Event: 0.692 loading class java/lang/IllegalAccessException done


Dynamic libraries:
0x000000013f0f0000 - 0x000000013f121000 	D:\WebStorm 2017.3.3\jre64\bin\java.exe
0x0000000076ec0000 - 0x000000007705f000 	C:\windows\SYSTEM32\ntdll.dll
0x0000000076ca0000 - 0x0000000076dbf000 	C:\windows\system32\kernel32.dll
0x000007fefcd60000 - 0x000007fefcdca000 	C:\windows\system32\KERNELBASE.dll
0x000007fefe570000 - 0x000007fefe64b000 	C:\windows\system32\ADVAPI32.dll
0x000007fefe2f0000 - 0x000007fefe38f000 	C:\windows\system32\msvcrt.dll
0x000007fefe650000 - 0x000007fefe66f000 	C:\windows\SYSTEM32\sechost.dll
0x000007fefe0f0000 - 0x000007fefe21d000 	C:\windows\system32\RPCRT4.dll
0x0000000076dc0000 - 0x0000000076eba000 	C:\windows\system32\USER32.dll
0x000007fefe670000 - 0x000007fefe6d7000 	C:\windows\system32\GDI32.dll
0x000007fefe2e0000 - 0x000007fefe2ee000 	C:\windows\system32\LPK.dll
0x000007fefeae0000 - 0x000007fefebab000 	C:\windows\system32\USP10.dll
0x000007fefb4b0000 - 0x000007fefb6a4000 	C:\windows\WinSxS\amd64_microsoft.windows.common-controls_6595b64144ccf1df_6.0.7601.18837_none_fa3b1e3d17594757\COMCTL32.dll
0x000007fefea10000 - 0x000007fefea81000 	C:\windows\system32\SHLWAPI.dll
0x000007fefebb0000 - 0x000007fefebde000 	C:\windows\system32\IMM32.DLL
0x000007fefef10000 - 0x000007feff019000 	C:\windows\system32\MSCTF.dll
0x0000000051c50000 - 0x0000000051d22000 	D:\WebStorm 2017.3.3\jre64\bin\msvcr100.dll
0x0000000064d80000 - 0x00000000655c0000 	D:\WebStorm 2017.3.3\jre64\bin\server\jvm.dll
0x000007fef88b0000 - 0x000007fef88b9000 	C:\windows\system32\WSOCK32.dll
0x000007fefea90000 - 0x000007fefeadd000 	C:\windows\system32\WS2_32.dll
0x000007fefee60000 - 0x000007fefee68000 	C:\windows\system32\NSI.dll
0x000007fefa870000 - 0x000007fefa8ab000 	C:\windows\system32\WINMM.dll
0x000007fefbc20000 - 0x000007fefbc2c000 	C:\windows\system32\VERSION.dll
0x0000000077070000 - 0x0000000077077000 	C:\windows\system32\PSAPI.DLL
0x000007fef88e0000 - 0x000007fef88ef000 	D:\WebStorm 2017.3.3\jre64\bin\verify.dll
0x000007feef6e0000 - 0x000007feef709000 	D:\WebStorm 2017.3.3\jre64\bin\java.dll
0x000007fef3ee0000 - 0x000007fef3ef6000 	D:\WebStorm 2017.3.3\jre64\bin\zip.dll
0x000007fefcf50000 - 0x000007fefdcda000 	C:\windows\system32\SHELL32.dll
0x000007fefebe0000 - 0x000007fefeddd000 	C:\windows\system32\ole32.dll
0x000007fefcba0000 - 0x000007fefcbaf000 	C:\windows\system32\profapi.dll
0x000007fef8890000 - 0x000007fef88aa000 	D:\WebStorm 2017.3.3\jre64\bin\net.dll
0x000007fefc370000 - 0x000007fefc3c5000 	C:\windows\system32\mswsock.dll
0x000007fefc360000 - 0x000007fefc367000 	C:\windows\System32\wship6.dll
0x000007fefc3d0000 - 0x000007fefc3e8000 	C:\windows\system32\CRYPTSP.dll
0x000007fefc0d0000 - 0x000007fefc117000 	C:\windows\system32\rsaenh.dll
0x000007fefcbd0000 - 0x000007fefcbee000 	C:\windows\system32\USERENV.dll
0x000007fefca30000 - 0x000007fefca3f000 	C:\windows\system32\CRYPTBASE.dll
0x000007fefa5d0000 - 0x000007fefa5f7000 	C:\windows\system32\IPHLPAPI.DLL
0x000007fefa5c0000 - 0x000007fefa5cb000 	C:\windows\system32\WINNSI.DLL
0x000007fefa340000 - 0x000007fefa351000 	C:\windows\system32\dhcpcsvc6.DLL
0x000007fefa2c0000 - 0x000007fefa2d8000 	C:\windows\system32\dhcpcsvc.DLL
0x000007fef24d0000 - 0x000007fef24e1000 	D:\WebStorm 2017.3.3\jre64\bin\nio.dll

VM Arguments:
java_command: org.jetbrains.git4idea.ssh.SSHMain git@192.168.10.201 git-receive-pack 'qufen.io/Html.git'
java_class_path (initial): D:/WebStorm 2017.3.3/plugins/git4idea/lib/git4idea-rt.jar;D:/WebStorm 2017.3.3/lib/xmlrpc-2.0.jar;D:/WebStorm 2017.3.3/lib/commons-codec-1.9.jar;D:/WebStorm 2017.3.3/lib/util.jar;D:/WebStorm 2017.3.3/lib/trilead-ssh2.jar
Launcher Type: SUN_STANDARD

Environment Variables:
PATH=C:\Program Files\Git\mingw64/libexec/git-core;C:\Program Files\Git\mingw64\bin;C:\Program Files\Git\usr\bin;C:\Users\Administrator\bin;C:\Program Files (x86)\Intel\iCLS Client\;C:\Program Files\Intel\iCLS Client\;C:\windows\system32;C:\windows;C:\windows\System32\Wbem;C:\windows\System32\WindowsPowerShell\v1.0\;C:\Program Files (x86)\Intel\Intel(R) Management Engine Components\DAL;C:\Program Files\Intel\Intel(R) Management Engine Components\DAL;C:\Program Files (x86)\Intel\Intel(R) Management Engine Components\IPT;C:\Program Files\Intel\Intel(R) Management Engine Components\IPT;C:\Program Files (x86)\Common Files\Acronis\VirtualFile\;C:\Program Files (x86)\Common Files\Acronis\VirtualFile64\;C:\Program Files (x86)\Common Files\Acronis\SnapAPI\;C:\Program Files\;C:\Program Files\TortoiseGit\bin;C:\Program Files\Git\cmd;C:\Users\Administrator\AppData\Roaming\npm;D:\Fiddler
USERNAME=Administrator
OS=Windows_NT
PROCESSOR_IDENTIFIER=Intel64 Family 6 Model 158 Stepping 9, GenuineIntel



---------------  S Y S T E M  ---------------

OS: Windows 7 , 64 bit Build 7601 (6.1.7601.24117)

CPU:total 4 (initial active 4) (4 cores per cpu, 1 threads per core) family 6 model 158 stepping 9, cmov, cx8, fxsr, mmx, sse, sse2, sse3, ssse3, sse4.1, sse4.2, popcnt, avx, avx2, aes, clmul, erms, rtm, 3dnowpref, lzcnt, tsc, tscinvbit, bmi1, bmi2, adx

Memory: 4k page, physical 8288600k(972484k free), swap 8286724k(4092k free)

vm_info: OpenJDK 64-Bit Server VM (25.152-b11) for windows-amd64 JRE (1.8.0_152-release-1024-b11), built on Dec 19 2017 11:09:37 by "builduser" with MS VC++ 10.0 (VS2010)

time: Tue Jun 19 20:18:02 2018
elapsed time: 0 seconds (0d 0h 0m 0s)

