#
# There is insufficient memory for the Java Runtime Environment to continue.
# Native memory allocation (malloc) failed to allocate 1048576 bytes for AllocateHeap
# Possible reasons:
#   The system is out of physical RAM or swap space
#   In 32 bit mode, the process size limit was hit
# Possible solutions:
#   Reduce memory load on the system
#   Increase physical memory or swap space
#   Check if swap backing store is full
#   Use 64 bit Java on a 64 bit OS
#   Decrease Java heap size (-Xmx/-Xms)
#   Decrease number of Java threads
#   Decrease Java thread stack sizes (-Xss)
#   Set larger code cache with -XX:ReservedCodeCacheSize=
# This output file may be truncated or incomplete.
#
#  Out of Memory Error (memory/allocation.inline.hpp:61), pid=12768, tid=0x0000000000002aec
#
# JRE version:  (8.0_152-b11) (build )
# Java VM: OpenJDK 64-Bit Server VM (25.152-b11 mixed mode windows-amd64 compressed oops)
# Failed to write core dump. Minidumps are not enabled by default on client versions of Windows
#

---------------  T H R E A D  ---------------

Current thread (0x000000000217f000):  JavaThread "Unknown thread" [_thread_in_vm, id=10988, stack(0x0000000002270000,0x0000000002370000)]

Stack: [0x0000000002270000,0x0000000002370000]
[error occurred during error reporting (printing stack bounds), id 0xc0000005]

Native frames: (J=compiled Java code, j=interpreted, Vv=VM code, C=native code)


---------------  P R O C E S S  ---------------

Java Threads: ( => current thread )

Other Threads:

=>0x000000000217f000 (exited) JavaThread "Unknown thread" [_thread_in_vm, id=10988, stack(0x0000000002270000,0x0000000002370000)]

VM state:not at safepoint (normal execution)

VM Mutex/Monitor currently owned by a thread: None

Heap:
 PSYoungGen      total 38400K, used 665K [0x00000000d5d80000, 0x00000000d8800000, 0x0000000100000000)
  eden space 33280K, 2% used [0x00000000d5d80000,0x00000000d5e26670,0x00000000d7e00000)
  from space 5120K, 0% used [0x00000000d8300000,0x00000000d8300000,0x00000000d8800000)
  to   space 5120K, 0% used [0x00000000d7e00000,0x00000000d7e00000,0x00000000d8300000)
 ParOldGen       total 87552K, used 0K [0x0000000081800000, 0x0000000086d80000, 0x00000000d5d80000)
  object space 87552K, 0% used [0x0000000081800000,0x0000000081800000,0x0000000086d80000)
 Metaspace       used 772K, capacity 4480K, committed 4480K, reserved 1056768K
  class space    used 73K, capacity 384K, committed 384K, reserved 1048576K

Card table byte_map: [0x0000000011730000,0x0000000011b30000] byte_map_base: 0x0000000011324000

Marking Bits: (ParMarkBitMap*) 0x000000006f4c5970
 Begin Bits: [0x0000000012420000, 0x00000000143c0000)
 End Bits:   [0x00000000143c0000, 0x0000000016360000)

Polling page: 0x00000000000b0000

CodeCache: size=245760Kb used=328Kb max_used=328Kb free=245431Kb
 bounds [0x0000000002370000, 0x00000000025e0000, 0x0000000011370000]
 total_blobs=57 nmethods=0 adapters=38
 compilation: enabled

Compilation events (0 events):
No events

GC Heap History (0 events):
No events

Deoptimization events (0 events):
No events

Classes redefined (0 events):
No events

Internal exceptions (0 events):
No events

Events (10 events):
Event: 0.016 loading class java/lang/Short
Event: 0.016 loading class java/lang/Short done
Event: 0.016 loading class java/lang/Integer
Event: 0.016 loading class java/lang/Integer done
Event: 0.016 loading class java/lang/Long
Event: 0.017 loading class java/lang/Long done
Event: 0.017 loading class java/lang/NullPointerException
Event: 0.017 loading class java/lang/NullPointerException done
Event: 0.017 loading class java/lang/ArithmeticException
Event: 0.017 loading class java/lang/ArithmeticException done


Dynamic libraries:
0x000000013f4d0000 - 0x000000013f501000 	D:\WebStorm 2017.3.3\jre64\bin\java.exe
0x0000000077220000 - 0x00000000773bf000 	C:\windows\SYSTEM32\ntdll.dll
0x0000000077000000 - 0x000000007711f000 	C:\windows\system32\kernel32.dll
0x000007fefcfa0000 - 0x000007fefd00a000 	C:\windows\system32\KERNELBASE.dll
0x000007fefd350000 - 0x000007fefd42b000 	C:\windows\system32\ADVAPI32.dll
0x000007fefd440000 - 0x000007fefd4df000 	C:\windows\system32\msvcrt.dll
0x000007feff4f0000 - 0x000007feff50f000 	C:\windows\SYSTEM32\sechost.dll
0x000007fefe8e0000 - 0x000007fefea0d000 	C:\windows\system32\RPCRT4.dll
0x0000000077120000 - 0x000000007721a000 	C:\windows\system32\USER32.dll
0x000007fefea10000 - 0x000007fefea77000 	C:\windows\system32\GDI32.dll
0x000007fefd430000 - 0x000007fefd43e000 	C:\windows\system32\LPK.dll
0x000007fefec10000 - 0x000007fefecdb000 	C:\windows\system32\USP10.dll
0x000007fefb660000 - 0x000007fefb854000 	C:\windows\WinSxS\amd64_microsoft.windows.common-controls_6595b64144ccf1df_6.0.7601.18837_none_fa3b1e3d17594757\COMCTL32.dll
0x000007fefe5a0000 - 0x000007fefe611000 	C:\windows\system32\SHLWAPI.dll
0x000007feff140000 - 0x000007feff16e000 	C:\windows\system32\IMM32.DLL
0x000007fefea90000 - 0x000007fefeb99000 	C:\windows\system32\MSCTF.dll
0x00000000790c0000 - 0x0000000079192000 	D:\WebStorm 2017.3.3\jre64\bin\msvcr100.dll
0x000000006ed00000 - 0x000000006f540000 	D:\WebStorm 2017.3.3\jre64\bin\server\jvm.dll
0x000007fefb010000 - 0x000007fefb019000 	C:\windows\system32\WSOCK32.dll
0x000007fefebc0000 - 0x000007fefec0d000 	C:\windows\system32\WS2_32.dll
0x000007fefea80000 - 0x000007fefea88000 	C:\windows\system32\NSI.dll
0x000007fefabd0000 - 0x000007fefac0b000 	C:\windows\system32\WINMM.dll
0x000007fefbf80000 - 0x000007fefbf8c000 	C:\windows\system32\VERSION.dll
0x00000000773d0000 - 0x00000000773d7000 	C:\windows\system32\PSAPI.DLL
0x000007fefacc0000 - 0x000007fefaccf000 	D:\WebStorm 2017.3.3\jre64\bin\verify.dll
0x000007fefac90000 - 0x000007fefacb9000 	D:\WebStorm 2017.3.3\jre64\bin\java.dll
0x000007fefac70000 - 0x000007fefac86000 	D:\WebStorm 2017.3.3\jre64\bin\zip.dll

VM Arguments:
java_command: org.jetbrains.git4idea.ssh.SSHMain -G git@192.168.10.201
java_class_path (initial): D:/WebStorm 2017.3.3/plugins/git4idea/lib/git4idea-rt.jar;D:/WebStorm 2017.3.3/lib/xmlrpc-2.0.jar;D:/WebStorm 2017.3.3/lib/commons-codec-1.9.jar;D:/WebStorm 2017.3.3/lib/util.jar;D:/WebStorm 2017.3.3/lib/trilead-ssh2.jar
Launcher Type: SUN_STANDARD

Environment Variables:
PATH=C:\Program Files\Git\mingw64/libexec/git-core;C:\Program Files\Git\mingw64\bin;C:\Program Files\Git\usr\bin;C:\Users\Administrator\bin;C:\Program Files (x86)\Intel\iCLS Client\;C:\Program Files\Intel\iCLS Client\;C:\windows\system32;C:\windows;C:\windows\System32\Wbem;C:\windows\System32\WindowsPowerShell\v1.0\;C:\Program Files (x86)\Intel\Intel(R) Management Engine Components\DAL;C:\Program Files\Intel\Intel(R) Management Engine Components\DAL;C:\Program Files (x86)\Intel\Intel(R) Management Engine Components\IPT;C:\Program Files\Intel\Intel(R) Management Engine Components\IPT;C:\Program Files (x86)\Common Files\Acronis\VirtualFile\;C:\Program Files (x86)\Common Files\Acronis\VirtualFile64\;C:\Program Files (x86)\Common Files\Acronis\SnapAPI\;C:\Program Files\;C:\Program Files\TortoiseGit\bin;C:\Program Files\Git\cmd;C:\Users\Administrator\AppData\Roaming\npm;D:\Fiddler
USERNAME=Administrator
OS=Windows_NT
PROCESSOR_IDENTIFIER=Intel64 Family 6 Model 158 Stepping 9, GenuineIntel



---------------  S Y S T E M  ---------------

OS: Windows 7 , 64 bit Build 7601 (6.1.7601.24117)

CPU:total 4 (initial active 4) (4 cores per cpu, 1 threads per core) family 6 model 158 stepping 9, cmov, cx8, fxsr, mmx, sse, sse2, sse3, ssse3, sse4.1, sse4.2, popcnt, avx, avx2, aes, clmul, erms, rtm, 3dnowpref, lzcnt, tsc, tscinvbit, bmi1, bmi2, adx

Memory: 4k page, physical 8288600k(1181508k free), swap 8286724k(7328k free)

vm_info: OpenJDK 64-Bit Server VM (25.152-b11) for windows-amd64 JRE (1.8.0_152-release-1024-b11), built on Dec 19 2017 11:09:37 by "builduser" with MS VC++ 10.0 (VS2010)

time: Wed Jun 27 20:03:20 2018
elapsed time: 0 seconds (0d 0h 0m 0s)

