#
# There is insufficient memory for the Java Runtime Environment to continue.
# Native memory allocation (malloc) failed to allocate 1048576 bytes for AllocateHeap
# Possible reasons:
#   The system is out of physical RAM or swap space
#   In 32 bit mode, the process size limit was hit
# Possible solutions:
#   Reduce memory load on the system
#   Increase physical memory or swap space
#   Check if swap backing store is full
#   Use 64 bit Java on a 64 bit OS
#   Decrease Java heap size (-Xmx/-Xms)
#   Decrease number of Java threads
#   Decrease Java thread stack sizes (-Xss)
#   Set larger code cache with -XX:ReservedCodeCacheSize=
# This output file may be truncated or incomplete.
#
#  Out of Memory Error (memory/allocation.inline.hpp:61), pid=23092, tid=0x0000000000005a68
#
# JRE version:  (8.0_152-b11) (build )
# Java VM: OpenJDK 64-Bit Server VM (25.152-b11 mixed mode windows-amd64 compressed oops)
# Failed to write core dump. Minidumps are not enabled by default on client versions of Windows
#

---------------  T H R E A D  ---------------

Current thread (0x000000000200f000):  JavaThread "Unknown thread" [_thread_in_vm, id=23144, stack(0x00000000021e0000,0x00000000022e0000)]

Stack: [0x00000000021e0000,0x00000000022e0000]
[error occurred during error reporting (printing stack bounds), id 0xc0000005]

Native frames: (J=compiled Java code, j=interpreted, Vv=VM code, C=native code)


---------------  P R O C E S S  ---------------

Java Threads: ( => current thread )

Other Threads:

=>0x000000000200f000 (exited) JavaThread "Unknown thread" [_thread_in_vm, id=23144, stack(0x00000000021e0000,0x00000000022e0000)]

VM state:not at safepoint (normal execution)

VM Mutex/Monitor currently owned by a thread: None

Heap:
 PSYoungGen      total 38400K, used 665K [0x00000000d5d80000, 0x00000000d8800000, 0x0000000100000000)
  eden space 33280K, 2% used [0x00000000d5d80000,0x00000000d5e26670,0x00000000d7e00000)
  from space 5120K, 0% used [0x00000000d8300000,0x00000000d8300000,0x00000000d8800000)
  to   space 5120K, 0% used [0x00000000d7e00000,0x00000000d7e00000,0x00000000d8300000)
 ParOldGen       total 87552K, used 0K [0x0000000081800000, 0x0000000086d80000, 0x00000000d5d80000)
  object space 87552K, 0% used [0x0000000081800000,0x0000000081800000,0x0000000086d80000)
 Metaspace       used 772K, capacity 4480K, committed 4480K, reserved 1056768K
  class space    used 73K, capacity 384K, committed 384K, reserved 1048576K

Card table byte_map: [0x00000000116a0000,0x0000000011aa0000] byte_map_base: 0x0000000011294000

Marking Bits: (ParMarkBitMap*) 0x000000005d795970
 Begin Bits: [0x00000000123b0000, 0x0000000014350000)
 End Bits:   [0x0000000014350000, 0x00000000162f0000)

Polling page: 0x00000000000a0000

CodeCache: size=245760Kb used=328Kb max_used=328Kb free=245431Kb
 bounds [0x00000000022e0000, 0x0000000002550000, 0x00000000112e0000]
 total_blobs=57 nmethods=0 adapters=38
 compilation: enabled

Compilation events (0 events):
No events

GC Heap History (0 events):
No events

Deoptimization events (0 events):
No events

Classes redefined (0 events):
No events

Internal exceptions (0 events):
No events

Events (10 events):
Event: 0.022 loading class java/lang/Short
Event: 0.022 loading class java/lang/Short done
Event: 0.022 loading class java/lang/Integer
Event: 0.022 loading class java/lang/Integer done
Event: 0.022 loading class java/lang/Long
Event: 0.022 loading class java/lang/Long done
Event: 0.023 loading class java/lang/NullPointerException
Event: 0.023 loading class java/lang/NullPointerException done
Event: 0.023 loading class java/lang/ArithmeticException
Event: 0.023 loading class java/lang/ArithmeticException done


Dynamic libraries:
0x000000013fd70000 - 0x000000013fda1000 	D:\WebStorm 2017.3.3\jre64\bin\java.exe
0x0000000077290000 - 0x000000007742f000 	C:\windows\SYSTEM32\ntdll.dll
0x0000000077070000 - 0x000000007718f000 	C:\windows\system32\kernel32.dll
0x000007fefd2a0000 - 0x000007fefd30a000 	C:\windows\system32\KERNELBASE.dll
0x000007fefe4b0000 - 0x000007fefe58b000 	C:\windows\system32\ADVAPI32.dll
0x000007fefea10000 - 0x000007fefeaaf000 	C:\windows\system32\msvcrt.dll
0x000007feff360000 - 0x000007feff37f000 	C:\windows\SYSTEM32\sechost.dll
0x000007feff230000 - 0x000007feff35d000 	C:\windows\system32\RPCRT4.dll
0x0000000077190000 - 0x000000007728a000 	C:\windows\system32\USER32.dll
0x000007fefe300000 - 0x000007fefe367000 	C:\windows\system32\GDI32.dll
0x000007fefd320000 - 0x000007fefd32e000 	C:\windows\system32\LPK.dll
0x000007fefe590000 - 0x000007fefe65b000 	C:\windows\system32\USP10.dll
0x000007fefb670000 - 0x000007fefb864000 	C:\windows\WinSxS\amd64_microsoft.windows.common-controls_6595b64144ccf1df_6.0.7601.18837_none_fa3b1e3d17594757\COMCTL32.dll
0x000007fefed50000 - 0x000007fefedc1000 	C:\windows\system32\SHLWAPI.dll
0x000007fefe660000 - 0x000007fefe68e000 	C:\windows\system32\IMM32.DLL
0x000007fefec40000 - 0x000007fefed49000 	C:\windows\system32\MSCTF.dll
0x0000000077840000 - 0x0000000077912000 	D:\WebStorm 2017.3.3\jre64\bin\msvcr100.dll
0x000000005cfd0000 - 0x000000005d810000 	D:\WebStorm 2017.3.3\jre64\bin\server\jvm.dll
0x000007fefa800000 - 0x000007fefa809000 	C:\windows\system32\WSOCK32.dll
0x000007fefe9c0000 - 0x000007fefea0d000 	C:\windows\system32\WS2_32.dll
0x000007fefeab0000 - 0x000007fefeab8000 	C:\windows\system32\NSI.dll
0x000007fefac40000 - 0x000007fefac7b000 	C:\windows\system32\WINMM.dll
0x000007fefbff0000 - 0x000007fefbffc000 	C:\windows\system32\VERSION.dll
0x0000000077430000 - 0x0000000077437000 	C:\windows\system32\PSAPI.DLL
0x000007fefb080000 - 0x000007fefb08f000 	D:\WebStorm 2017.3.3\jre64\bin\verify.dll
0x000007fef7d10000 - 0x000007fef7d39000 	D:\WebStorm 2017.3.3\jre64\bin\java.dll
0x000007fef7d50000 - 0x000007fef7d66000 	D:\WebStorm 2017.3.3\jre64\bin\zip.dll

VM Arguments:
java_command: org.jetbrains.git4idea.ssh.SSHMain -G git@192.168.10.201
java_class_path (initial): D:/WebStorm 2017.3.3/plugins/git4idea/lib/git4idea-rt.jar;D:/WebStorm 2017.3.3/lib/xmlrpc-2.0.jar;D:/WebStorm 2017.3.3/lib/commons-codec-1.9.jar;D:/WebStorm 2017.3.3/lib/util.jar;D:/WebStorm 2017.3.3/lib/trilead-ssh2.jar
Launcher Type: SUN_STANDARD

Environment Variables:
PATH=C:\Program Files\Git\mingw64/libexec/git-core;C:\Program Files\Git\mingw64\bin;C:\Program Files\Git\usr\bin;C:\Users\Administrator\bin;C:\Program Files (x86)\Intel\iCLS Client\;C:\Program Files\Intel\iCLS Client\;C:\windows\system32;C:\windows;C:\windows\System32\Wbem;C:\windows\System32\WindowsPowerShell\v1.0\;C:\Program Files (x86)\Intel\Intel(R) Management Engine Components\DAL;C:\Program Files\Intel\Intel(R) Management Engine Components\DAL;C:\Program Files (x86)\Intel\Intel(R) Management Engine Components\IPT;C:\Program Files\Intel\Intel(R) Management Engine Components\IPT;C:\Program Files (x86)\Common Files\Acronis\VirtualFile\;C:\Program Files (x86)\Common Files\Acronis\VirtualFile64\;C:\Program Files (x86)\Common Files\Acronis\SnapAPI\;C:\Program Files\;C:\Program Files\TortoiseGit\bin;C:\Program Files\Git\cmd;C:\Users\Administrator\AppData\Roaming\npm;D:\Fiddler
USERNAME=Administrator
OS=Windows_NT
PROCESSOR_IDENTIFIER=Intel64 Family 6 Model 158 Stepping 9, GenuineIntel



---------------  S Y S T E M  ---------------

OS: Windows 7 , 64 bit Build 7601 (6.1.7601.24117)

CPU:total 4 (initial active 4) (4 cores per cpu, 1 threads per core) family 6 model 158 stepping 9, cmov, cx8, fxsr, mmx, sse, sse2, sse3, ssse3, sse4.1, sse4.2, popcnt, avx, avx2, aes, clmul, erms, rtm, 3dnowpref, lzcnt, tsc, tscinvbit, bmi1, bmi2, adx

Memory: 4k page, physical 8288600k(963724k free), swap 8286724k(5192k free)

vm_info: OpenJDK 64-Bit Server VM (25.152-b11) for windows-amd64 JRE (1.8.0_152-release-1024-b11), built on Dec 19 2017 11:09:37 by "builduser" with MS VC++ 10.0 (VS2010)

time: Sat Jul 07 17:37:49 2018
elapsed time: 0 seconds (0d 0h 0m 0s)

